<?xml version="1.0" encoding="UTF-8"?>
<!-- Generated by org.testng.reporters.JUnitReportReporter -->
<testsuite hostname="DESKTOP-H0QBEHU" failures="0" tests="6" name="piit.AutoumationTrainingProgram.Execution" time="0.070" errors="0" timestamp="2022-05-17T17:34:42 CDT" skipped="0">
  <testcase classname="piit.AutoumationTrainingProgram.Execution" name="f" time="0.003"/>
  <system-out/>
  <testcase classname="piit.AutoumationTrainingProgram.Execution" name="Test2" time="0.022"/>
  <system-out/>
  <testcase classname="piit.AutoumationTrainingProgram.Execution" name="f" time="0.004"/>
  <system-out/>
  <testcase classname="piit.AutoumationTrainingProgram.Execution" name="Test2" time="0.015"/>
  <system-out/>
  <testcase classname="piit.AutoumationTrainingProgram.Execution" name="Test2" time="0.021"/>
  <system-out/>
  <testcase classname="piit.AutoumationTrainingProgram.Execution" name="f" time="0.005"/>
  <system-out/>
</testsuite> <!-- piit.AutoumationTrainingProgram.Execution -->
