<?xml version="1.0" encoding="UTF-8"?>
<!-- Generated by org.testng.reporters.JUnitReportReporter -->
<testsuite hostname="DESKTOP-H0QBEHU" failures="0" tests="6" name="piit.AutoumationTrainingProgram.Execution" time="0.030" errors="0" timestamp="2022-05-10T21:42:18 CDT" skipped="0">
  <testcase classname="piit.AutoumationTrainingProgram.Execution" name="Test2" time="0.007"/>
  <system-out/>
  <testcase classname="piit.AutoumationTrainingProgram.Execution" name="Test2" time="0.007"/>
  <system-out/>
  <testcase classname="piit.AutoumationTrainingProgram.Execution" name="Test2" time="0.006"/>
  <system-out/>
  <testcase classname="piit.AutoumationTrainingProgram.Execution" name="f" time="0.005"/>
  <system-out/>
  <testcase classname="piit.AutoumationTrainingProgram.Execution" name="f" time="0.003"/>
  <system-out/>
  <testcase classname="piit.AutoumationTrainingProgram.Execution" name="f" time="0.002"/>
  <system-out/>
</testsuite> <!-- piit.AutoumationTrainingProgram.Execution -->
