<?xml version="1.0" encoding="UTF-8"?>
<!-- Generated by org.testng.reporters.JUnitReportReporter -->
<testsuite hostname="DESKTOP-H0QBEHU" failures="0" tests="1" name="TestAssignment.PizzaHut" time="20.975" errors="0" timestamp="2022-05-07T16:35:44 CDT" skipped="0">
  <testcase classname="TestAssignment.PizzaHut" name="f" time="20.975"/>
  <system-out/>
</testsuite> <!-- TestAssignment.PizzaHut -->
