<?xml version="1.0" encoding="UTF-8"?>
<!-- Generated by org.testng.reporters.JUnitReportReporter -->
<testsuite hostname="DESKTOP-H0QBEHU" failures="0" tests="9" name="piit.AutoumationTrainingProgram.Signout" time="98.655" errors="0" timestamp="2022-05-10T21:42:18 CDT" skipped="0">
  <testcase classname="piit.AutoumationTrainingProgram.Signout" name="f" time="19.506"/>
  <system-out/>
  <testcase classname="piit.AutoumationTrainingProgram.Signout" name="f" time="20.303"/>
  <system-out/>
  <testcase classname="piit.AutoumationTrainingProgram.Signout" name="f" time="19.142"/>
  <system-out/>
  <testcase classname="piit.AutoumationTrainingProgram.Signout" name="TextVerificationMethod" time="6.484"/>
  <system-out/>
  <testcase classname="piit.AutoumationTrainingProgram.Signout" name="TextVerificationMethod" time="6.884"/>
  <system-out/>
  <testcase classname="piit.AutoumationTrainingProgram.Signout" name="TextVerificationMethod" time="6.846"/>
  <system-out/>
  <testcase classname="piit.AutoumationTrainingProgram.Signout" name="TextVerificationHomepageMethod" time="6.413"/>
  <system-out/>
  <testcase classname="piit.AutoumationTrainingProgram.Signout" name="TextVerificationHomepageMethod" time="6.377"/>
  <system-out/>
  <testcase classname="piit.AutoumationTrainingProgram.Signout" name="TextVerificationHomepageMethod" time="6.700"/>
  <system-out/>
</testsuite> <!-- piit.AutoumationTrainingProgram.Signout -->
